[0.434s] Invoking command in '/home/baddeep/ros2_ws/src/marl': PYTHONPATH=/home/baddeep/ros2_ws/build/marl/prefix_override:/usr/lib/python3/dist-packages/colcon_core/task/python/colcon_distutils_commands:/home/baddeep/ros2_ws/install/marl/lib/python3.10/site-packages:${PYTHONPATH} /usr/bin/python3 -W ignore:setup.py install is deprecated -W ignore:easy_install command is deprecated setup.py egg_info --egg-base ../../build/marl build --build-base /home/baddeep/ros2_ws/build/marl/build install --record /home/baddeep/ros2_ws/build/marl/install.log --single-version-externally-managed install_data
[0.573s] running egg_info
[0.573s] writing ../../build/marl/marl.egg-info/PKG-INFO
[0.574s] writing dependency_links to ../../build/marl/marl.egg-info/dependency_links.txt
[0.574s] writing entry points to ../../build/marl/marl.egg-info/entry_points.txt
[0.574s] writing requirements to ../../build/marl/marl.egg-info/requires.txt
[0.574s] writing top-level names to ../../build/marl/marl.egg-info/top_level.txt
[0.575s] reading manifest file '../../build/marl/marl.egg-info/SOURCES.txt'
[0.576s] writing manifest file '../../build/marl/marl.egg-info/SOURCES.txt'
[0.576s] running build
[0.576s] running build_py
[0.576s] running install
[0.576s] running install_lib
[0.577s] running install_data
[0.577s] copying urdf/robot.urdf -> /home/baddeep/ros2_ws/install/marl/share/marl/urdf
[0.578s] running install_egg_info
[0.580s] removing '/home/baddeep/ros2_ws/install/marl/lib/python3.10/site-packages/marl-0.0.1-py3.10.egg-info' (and everything under it)
[0.580s] Copying ../../build/marl/marl.egg-info to /home/baddeep/ros2_ws/install/marl/lib/python3.10/site-packages/marl-0.0.1-py3.10.egg-info
[0.581s] running install_scripts
[0.594s] Installing marl_agent script to /home/baddeep/ros2_ws/install/marl/lib/marl
[0.594s] Installing swarm_coordinator script to /home/baddeep/ros2_ws/install/marl/lib/marl
[0.594s] writing list of installed files to '/home/baddeep/ros2_ws/build/marl/install.log'
[0.611s] Invoked command in '/home/baddeep/ros2_ws/src/marl' returned '0': PYTHONPATH=/home/baddeep/ros2_ws/build/marl/prefix_override:/usr/lib/python3/dist-packages/colcon_core/task/python/colcon_distutils_commands:/home/baddeep/ros2_ws/install/marl/lib/python3.10/site-packages:${PYTHONPATH} /usr/bin/python3 -W ignore:setup.py install is deprecated -W ignore:easy_install command is deprecated setup.py egg_info --egg-base ../../build/marl build --build-base /home/baddeep/ros2_ws/build/marl/build install --record /home/baddeep/ros2_ws/build/marl/install.log --single-version-externally-managed install_data
