[0.950s] Invoking command in '/home/baddeep/ros2_ws/src/marl': PYTHONPATH=/home/baddeep/ros2_ws/build/marl/prefix_override:/usr/lib/python3/dist-packages/colcon_core/task/python/colcon_distutils_commands:/home/baddeep/ros2_ws/install/marl/lib/python3.10/site-packages:${PYTHONPATH} /usr/bin/python3 -W ignore:setup.py install is deprecated -W ignore:easy_install command is deprecated setup.py egg_info --egg-base ../../build/marl build --build-base /home/baddeep/ros2_ws/build/marl/build install --record /home/baddeep/ros2_ws/build/marl/install.log --single-version-externally-managed install_data
[1.172s] running egg_info
[1.172s] writing ../../build/marl/marl.egg-info/PKG-INFO
[1.174s] writing dependency_links to ../../build/marl/marl.egg-info/dependency_links.txt
[1.174s] writing entry points to ../../build/marl/marl.egg-info/entry_points.txt
[1.175s] writing requirements to ../../build/marl/marl.egg-info/requires.txt
[1.175s] writing top-level names to ../../build/marl/marl.egg-info/top_level.txt
[1.178s] reading manifest file '../../build/marl/marl.egg-info/SOURCES.txt'
[1.180s] writing manifest file '../../build/marl/marl.egg-info/SOURCES.txt'
[1.180s] running build
[1.180s] running build_py
[1.180s] running install
[1.180s] running install_lib
[1.182s] running install_data
[1.183s] running install_egg_info
[1.186s] removing '/home/baddeep/ros2_ws/install/marl/lib/python3.10/site-packages/marl-0.0.1-py3.10.egg-info' (and everything under it)
[1.188s] Copying ../../build/marl/marl.egg-info to /home/baddeep/ros2_ws/install/marl/lib/python3.10/site-packages/marl-0.0.1-py3.10.egg-info
[1.188s] running install_scripts
[1.209s] Installing marl_agent script to /home/baddeep/ros2_ws/install/marl/lib/marl
[1.209s] Installing swarm_coordinator script to /home/baddeep/ros2_ws/install/marl/lib/marl
[1.210s] writing list of installed files to '/home/baddeep/ros2_ws/build/marl/install.log'
[1.235s] Invoked command in '/home/baddeep/ros2_ws/src/marl' returned '0': PYTHONPATH=/home/baddeep/ros2_ws/build/marl/prefix_override:/usr/lib/python3/dist-packages/colcon_core/task/python/colcon_distutils_commands:/home/baddeep/ros2_ws/install/marl/lib/python3.10/site-packages:${PYTHONPATH} /usr/bin/python3 -W ignore:setup.py install is deprecated -W ignore:easy_install command is deprecated setup.py egg_info --egg-base ../../build/marl build --build-base /home/baddeep/ros2_ws/build/marl/build install --record /home/baddeep/ros2_ws/build/marl/install.log --single-version-externally-managed install_data
