[2.307s] Invoking command in '/home/baddeep/ros2_ws/src/marl': PYTHONPATH=/home/baddeep/ros2_ws/build/marl/prefix_override:/usr/lib/python3/dist-packages/colcon_core/task/python/colcon_distutils_commands:/home/baddeep/ros2_ws/install/marl/lib/python3.10/site-packages:${PYTHONPATH} /usr/bin/python3 -W ignore:setup.py install is deprecated -W ignore:easy_install command is deprecated setup.py egg_info --egg-base ../../build/marl build --build-base /home/baddeep/ros2_ws/build/marl/build install --record /home/baddeep/ros2_ws/build/marl/install.log --single-version-externally-managed install_data
[2.776s] running egg_info
[2.780s] writing ../../build/marl/marl.egg-info/PKG-INFO
[2.785s] writing dependency_links to ../../build/marl/marl.egg-info/dependency_links.txt
[2.785s] writing entry points to ../../build/marl/marl.egg-info/entry_points.txt
[2.786s] writing requirements to ../../build/marl/marl.egg-info/requires.txt
[2.786s] writing top-level names to ../../build/marl/marl.egg-info/top_level.txt
[2.799s] reading manifest file '../../build/marl/marl.egg-info/SOURCES.txt'
[2.805s] writing manifest file '../../build/marl/marl.egg-info/SOURCES.txt'
[2.806s] running build
[2.806s] running build_py
[2.806s] running install
[2.808s] running install_lib
[2.817s] running install_data
[2.818s] copying urdf/robot.urdf -> /home/baddeep/ros2_ws/install/marl/share/marl/urdf
[2.820s] running install_egg_info
[2.831s] removing '/home/baddeep/ros2_ws/install/marl/lib/python3.10/site-packages/marl-0.0.1-py3.10.egg-info' (and everything under it)
[2.835s] Copying ../../build/marl/marl.egg-info to /home/baddeep/ros2_ws/install/marl/lib/python3.10/site-packages/marl-0.0.1-py3.10.egg-info
[2.841s] running install_scripts
[2.907s] Installing marl_agent script to /home/baddeep/ros2_ws/install/marl/lib/marl
[2.909s] Installing swarm_coordinator script to /home/baddeep/ros2_ws/install/marl/lib/marl
[2.912s] writing list of installed files to '/home/baddeep/ros2_ws/build/marl/install.log'
[3.066s] Invoked command in '/home/baddeep/ros2_ws/src/marl' returned '0': PYTHONPATH=/home/baddeep/ros2_ws/build/marl/prefix_override:/usr/lib/python3/dist-packages/colcon_core/task/python/colcon_distutils_commands:/home/baddeep/ros2_ws/install/marl/lib/python3.10/site-packages:${PYTHONPATH} /usr/bin/python3 -W ignore:setup.py install is deprecated -W ignore:easy_install command is deprecated setup.py egg_info --egg-base ../../build/marl build --build-base /home/baddeep/ros2_ws/build/marl/build install --record /home/baddeep/ros2_ws/build/marl/install.log --single-version-externally-managed install_data
