[1.186s] Invoking command in '/home/baddeep/ros2_ws/src/marl': PYTHONPATH=/home/baddeep/ros2_ws/build/marl/prefix_override:/usr/lib/python3/dist-packages/colcon_core/task/python/colcon_distutils_commands:/home/baddeep/ros2_ws/install/marl/lib/python3.10/site-packages:${PYTHONPATH} /usr/bin/python3 -W ignore:setup.py install is deprecated -W ignore:easy_install command is deprecated setup.py egg_info --egg-base ../../build/marl build --build-base /home/baddeep/ros2_ws/build/marl/build install --record /home/baddeep/ros2_ws/build/marl/install.log --single-version-externally-managed install_data
[1.451s] running egg_info
[1.452s] writing ../../build/marl/marl.egg-info/PKG-INFO
[1.452s] writing dependency_links to ../../build/marl/marl.egg-info/dependency_links.txt
[1.452s] writing entry points to ../../build/marl/marl.egg-info/entry_points.txt
[1.453s] writing requirements to ../../build/marl/marl.egg-info/requires.txt
[1.453s] writing top-level names to ../../build/marl/marl.egg-info/top_level.txt
[1.455s] reading manifest file '../../build/marl/marl.egg-info/SOURCES.txt'
[1.458s] writing manifest file '../../build/marl/marl.egg-info/SOURCES.txt'
[1.458s] running build
[1.458s] running build_py
[1.458s] running install
[1.458s] running install_lib
[1.461s] running install_data
[1.461s] copying urdf/robot.urdf -> /home/baddeep/ros2_ws/install/marl/share/marl/urdf
[1.463s] running install_egg_info
[1.466s] removing '/home/baddeep/ros2_ws/install/marl/lib/python3.10/site-packages/marl-0.0.1-py3.10.egg-info' (and everything under it)
[1.468s] Copying ../../build/marl/marl.egg-info to /home/baddeep/ros2_ws/install/marl/lib/python3.10/site-packages/marl-0.0.1-py3.10.egg-info
[1.471s] running install_scripts
[1.496s] Installing marl_agent script to /home/baddeep/ros2_ws/install/marl/lib/marl
[1.496s] Installing swarm_coordinator script to /home/baddeep/ros2_ws/install/marl/lib/marl
[1.497s] writing list of installed files to '/home/baddeep/ros2_ws/build/marl/install.log'
[1.531s] Invoked command in '/home/baddeep/ros2_ws/src/marl' returned '0': PYTHONPATH=/home/baddeep/ros2_ws/build/marl/prefix_override:/usr/lib/python3/dist-packages/colcon_core/task/python/colcon_distutils_commands:/home/baddeep/ros2_ws/install/marl/lib/python3.10/site-packages:${PYTHONPATH} /usr/bin/python3 -W ignore:setup.py install is deprecated -W ignore:easy_install command is deprecated setup.py egg_info --egg-base ../../build/marl build --build-base /home/baddeep/ros2_ws/build/marl/build install --record /home/baddeep/ros2_ws/build/marl/install.log --single-version-externally-managed install_data
