[1.890s] DEBUG:colcon:Command line arguments: ['/usr/bin/colcon', 'build']
[1.890s] DEBUG:colcon:Parsed command line arguments: Namespace(log_base=None, log_level=None, verb_name='build', build_base='build', install_base='install', merge_install=False, symlink_install=False, test_result_base=None, continue_on_error=False, executor='parallel', parallel_workers=20, event_handlers=None, ignore_user_meta=False, metas=['./colcon.meta'], base_paths=['.'], packages_ignore=None, packages_ignore_regex=None, paths=None, packages_up_to=None, packages_up_to_regex=None, packages_above=None, packages_above_and_dependencies=None, packages_above_depth=None, packages_select_by_dep=None, packages_skip_by_dep=None, packages_skip_up_to=None, packages_select_build_failed=False, packages_skip_build_finished=False, packages_select_test_failures=False, packages_skip_test_passed=False, packages_select=None, packages_skip=None, packages_select_regex=None, packages_skip_regex=None, packages_start=None, packages_end=None, allow_overriding=[], cmake_args=None, cmake_target=None, cmake_target_skip_unavailable=False, cmake_clean_cache=False, cmake_clean_first=False, cmake_force_configure=False, ament_cmake_args=None, catkin_cmake_args=None, catkin_skip_building_tests=False, verb_parser=<colcon_defaults.argument_parser.defaults.DefaultArgumentsDecorator object at 0x7fc33cfb73d0>, verb_extension=<colcon_core.verb.build.BuildVerb object at 0x7fc33d10c550>, main=<bound method BuildVerb.main of <colcon_core.verb.build.BuildVerb object at 0x7fc33d10c550>>)
[3.574s] Level 1:colcon.colcon_core.package_discovery:discover_packages(colcon_meta) check parameters
[3.575s] Level 1:colcon.colcon_core.package_discovery:discover_packages(recursive) check parameters
[3.575s] Level 1:colcon.colcon_core.package_discovery:discover_packages(ignore) check parameters
[3.575s] Level 1:colcon.colcon_core.package_discovery:discover_packages(path) check parameters
[3.575s] Level 1:colcon.colcon_core.package_discovery:discover_packages(colcon_meta) discover
[3.575s] Level 1:colcon.colcon_core.package_discovery:discover_packages(recursive) discover
[3.575s] INFO:colcon.colcon_core.package_discovery:Crawling recursively for packages in '/home/baddeep/ros2_ws'
[3.578s] Level 1:colcon.colcon_core.package_identification:_identify(.) by extensions ['ignore', 'ignore_ament_install']
[3.578s] Level 1:colcon.colcon_core.package_identification:_identify(.) by extension 'ignore'
[3.579s] Level 1:colcon.colcon_core.package_identification:_identify(.) by extension 'ignore_ament_install'
[3.579s] Level 1:colcon.colcon_core.package_identification:_identify(.) by extensions ['colcon_pkg']
[3.579s] Level 1:colcon.colcon_core.package_identification:_identify(.) by extension 'colcon_pkg'
[3.579s] Level 1:colcon.colcon_core.package_identification:_identify(.) by extensions ['colcon_meta']
[3.579s] Level 1:colcon.colcon_core.package_identification:_identify(.) by extension 'colcon_meta'
[3.579s] Level 1:colcon.colcon_core.package_identification:_identify(.) by extensions ['ros']
[3.579s] Level 1:colcon.colcon_core.package_identification:_identify(.) by extension 'ros'
[3.634s] Level 1:colcon.colcon_core.package_identification:_identify(.) by extensions ['cmake', 'python']
[3.635s] Level 1:colcon.colcon_core.package_identification:_identify(.) by extension 'cmake'
[3.635s] Level 1:colcon.colcon_core.package_identification:_identify(.) by extension 'python'
[3.635s] Level 1:colcon.colcon_core.package_identification:_identify(.) by extensions ['python_setup_py']
[3.635s] Level 1:colcon.colcon_core.package_identification:_identify(.) by extension 'python_setup_py'
[3.637s] Level 1:colcon.colcon_core.package_identification:_identify(build) by extensions ['ignore', 'ignore_ament_install']
[3.638s] Level 1:colcon.colcon_core.package_identification:_identify(build) by extension 'ignore'
[3.638s] Level 1:colcon.colcon_core.package_identification:_identify(build) ignored
[3.640s] Level 1:colcon.colcon_core.package_identification:_identify(install) by extensions ['ignore', 'ignore_ament_install']
[3.641s] Level 1:colcon.colcon_core.package_identification:_identify(install) by extension 'ignore'
[3.641s] Level 1:colcon.colcon_core.package_identification:_identify(install) ignored
[3.641s] Level 1:colcon.colcon_core.package_identification:_identify(log) by extensions ['ignore', 'ignore_ament_install']
[3.641s] Level 1:colcon.colcon_core.package_identification:_identify(log) by extension 'ignore'
[3.641s] Level 1:colcon.colcon_core.package_identification:_identify(log) ignored
[3.641s] Level 1:colcon.colcon_core.package_identification:_identify(src) by extensions ['ignore', 'ignore_ament_install']
[3.641s] Level 1:colcon.colcon_core.package_identification:_identify(src) by extension 'ignore'
[3.642s] Level 1:colcon.colcon_core.package_identification:_identify(src) by extension 'ignore_ament_install'
[3.642s] Level 1:colcon.colcon_core.package_identification:_identify(src) by extensions ['colcon_pkg']
[3.642s] Level 1:colcon.colcon_core.package_identification:_identify(src) by extension 'colcon_pkg'
[3.642s] Level 1:colcon.colcon_core.package_identification:_identify(src) by extensions ['colcon_meta']
[3.642s] Level 1:colcon.colcon_core.package_identification:_identify(src) by extension 'colcon_meta'
[3.642s] Level 1:colcon.colcon_core.package_identification:_identify(src) by extensions ['ros']
[3.642s] Level 1:colcon.colcon_core.package_identification:_identify(src) by extension 'ros'
[3.642s] Level 1:colcon.colcon_core.package_identification:_identify(src) by extensions ['cmake', 'python']
[3.642s] Level 1:colcon.colcon_core.package_identification:_identify(src) by extension 'cmake'
[3.642s] Level 1:colcon.colcon_core.package_identification:_identify(src) by extension 'python'
[3.642s] Level 1:colcon.colcon_core.package_identification:_identify(src) by extensions ['python_setup_py']
[3.642s] Level 1:colcon.colcon_core.package_identification:_identify(src) by extension 'python_setup_py'
[3.643s] Level 1:colcon.colcon_core.package_identification:_identify(src/marl) by extensions ['ignore', 'ignore_ament_install']
[3.643s] Level 1:colcon.colcon_core.package_identification:_identify(src/marl) by extension 'ignore'
[3.643s] Level 1:colcon.colcon_core.package_identification:_identify(src/marl) by extension 'ignore_ament_install'
[3.643s] Level 1:colcon.colcon_core.package_identification:_identify(src/marl) by extensions ['colcon_pkg']
[3.643s] Level 1:colcon.colcon_core.package_identification:_identify(src/marl) by extension 'colcon_pkg'
[3.643s] Level 1:colcon.colcon_core.package_identification:_identify(src/marl) by extensions ['colcon_meta']
[3.643s] Level 1:colcon.colcon_core.package_identification:_identify(src/marl) by extension 'colcon_meta'
[3.643s] Level 1:colcon.colcon_core.package_identification:_identify(src/marl) by extensions ['ros']
[3.643s] Level 1:colcon.colcon_core.package_identification:_identify(src/marl) by extension 'ros'
[3.662s] DEBUG:colcon.colcon_core.package_identification:Package 'src/marl' with type 'ros.ament_python' and name 'marl'
[3.663s] Level 1:colcon.colcon_core.package_discovery:discover_packages(recursive) using defaults
[3.663s] Level 1:colcon.colcon_core.package_discovery:discover_packages(ignore) discover
[3.663s] Level 1:colcon.colcon_core.package_discovery:discover_packages(ignore) using defaults
[3.663s] Level 1:colcon.colcon_core.package_discovery:discover_packages(path) discover
[3.663s] Level 1:colcon.colcon_core.package_discovery:discover_packages(path) using defaults
[3.872s] Level 1:colcon.colcon_core.package_discovery:discover_packages(prefix_path) check parameters
[3.873s] Level 1:colcon.colcon_core.package_discovery:discover_packages(prefix_path) discover
[3.899s] DEBUG:colcon.colcon_installed_package_information.package_discovery:Found 1 installed packages in /home/baddeep/ros2_ws/install
[3.907s] DEBUG:colcon.colcon_installed_package_information.package_discovery:Found 417 installed packages in /opt/ros/humble
[3.911s] Level 1:colcon.colcon_core.package_discovery:discover_packages(prefix_path) using defaults
[4.466s] Level 5:colcon.colcon_core.verb:set package 'marl' build argument 'cmake_args' from command line to 'None'
[4.467s] Level 5:colcon.colcon_core.verb:set package 'marl' build argument 'cmake_target' from command line to 'None'
[4.467s] Level 5:colcon.colcon_core.verb:set package 'marl' build argument 'cmake_target_skip_unavailable' from command line to 'False'
[4.467s] Level 5:colcon.colcon_core.verb:set package 'marl' build argument 'cmake_clean_cache' from command line to 'False'
[4.467s] Level 5:colcon.colcon_core.verb:set package 'marl' build argument 'cmake_clean_first' from command line to 'False'
[4.467s] Level 5:colcon.colcon_core.verb:set package 'marl' build argument 'cmake_force_configure' from command line to 'False'
[4.467s] Level 5:colcon.colcon_core.verb:set package 'marl' build argument 'ament_cmake_args' from command line to 'None'
[4.467s] Level 5:colcon.colcon_core.verb:set package 'marl' build argument 'catkin_cmake_args' from command line to 'None'
[4.467s] Level 5:colcon.colcon_core.verb:set package 'marl' build argument 'catkin_skip_building_tests' from command line to 'False'
[4.467s] DEBUG:colcon.colcon_core.verb:Building package 'marl' with the following arguments: {'ament_cmake_args': None, 'build_base': '/home/baddeep/ros2_ws/build/marl', 'catkin_cmake_args': None, 'catkin_skip_building_tests': False, 'cmake_args': None, 'cmake_clean_cache': False, 'cmake_clean_first': False, 'cmake_force_configure': False, 'cmake_target': None, 'cmake_target_skip_unavailable': False, 'install_base': '/home/baddeep/ros2_ws/install/marl', 'merge_install': False, 'path': '/home/baddeep/ros2_ws/src/marl', 'symlink_install': False, 'test_result_base': None}
[4.468s] INFO:colcon.colcon_core.executor:Executing jobs using 'parallel' executor
[4.472s] DEBUG:colcon.colcon_parallel_executor.executor.parallel:run_until_complete
[4.474s] INFO:colcon.colcon_ros.task.ament_python.build:Building ROS package in '/home/baddeep/ros2_ws/src/marl' with build type 'ament_python'
[4.475s] Level 1:colcon.colcon_core.shell:create_environment_hook('marl', 'ament_prefix_path')
[4.500s] INFO:colcon.colcon_core.plugin_system:Skipping extension 'colcon_core.shell.bat': Not used on non-Windows systems
[4.501s] INFO:colcon.colcon_core.shell:Creating environment hook '/home/baddeep/ros2_ws/install/marl/share/marl/hook/ament_prefix_path.ps1'
[4.510s] INFO:colcon.colcon_core.shell:Creating environment descriptor '/home/baddeep/ros2_ws/install/marl/share/marl/hook/ament_prefix_path.dsv'
[4.515s] INFO:colcon.colcon_core.shell:Creating environment hook '/home/baddeep/ros2_ws/install/marl/share/marl/hook/ament_prefix_path.sh'
[4.520s] INFO:colcon.colcon_core.shell:Skip shell extension 'powershell' for command environment: Not usable outside of PowerShell
[4.520s] DEBUG:colcon.colcon_core.shell:Skip shell extension 'dsv' for command environment
[5.143s] INFO:colcon.colcon_core.task.python.build:Building Python package in '/home/baddeep/ros2_ws/src/marl'
[5.144s] INFO:colcon.colcon_core.shell:Skip shell extension 'powershell' for command environment: Not usable outside of PowerShell
[5.145s] DEBUG:colcon.colcon_core.shell:Skip shell extension 'dsv' for command environment
[6.785s] DEBUG:colcon.colcon_core.event_handler.log_command:Invoking command in '/home/baddeep/ros2_ws/src/marl': PYTHONPATH=/home/baddeep/ros2_ws/build/marl/prefix_override:/usr/lib/python3/dist-packages/colcon_core/task/python/colcon_distutils_commands:/home/baddeep/ros2_ws/install/marl/lib/python3.10/site-packages:${PYTHONPATH} /usr/bin/python3 -W ignore:setup.py install is deprecated -W ignore:easy_install command is deprecated setup.py egg_info --egg-base ../../build/marl build --build-base /home/baddeep/ros2_ws/build/marl/build install --record /home/baddeep/ros2_ws/build/marl/install.log --single-version-externally-managed install_data
[7.543s] DEBUG:colcon.colcon_core.event_handler.log_command:Invoked command in '/home/baddeep/ros2_ws/src/marl' returned '0': PYTHONPATH=/home/baddeep/ros2_ws/build/marl/prefix_override:/usr/lib/python3/dist-packages/colcon_core/task/python/colcon_distutils_commands:/home/baddeep/ros2_ws/install/marl/lib/python3.10/site-packages:${PYTHONPATH} /usr/bin/python3 -W ignore:setup.py install is deprecated -W ignore:easy_install command is deprecated setup.py egg_info --egg-base ../../build/marl build --build-base /home/baddeep/ros2_ws/build/marl/build install --record /home/baddeep/ros2_ws/build/marl/install.log --single-version-externally-managed install_data
[7.579s] Level 1:colcon.colcon_core.environment:checking '/home/baddeep/ros2_ws/install/marl' for CMake module files
[7.583s] Level 1:colcon.colcon_core.environment:checking '/home/baddeep/ros2_ws/install/marl' for CMake config files
[7.598s] Level 1:colcon.colcon_core.environment:checking '/home/baddeep/ros2_ws/install/marl/lib'
[7.599s] Level 1:colcon.colcon_core.environment:checking '/home/baddeep/ros2_ws/install/marl/bin'
[7.599s] Level 1:colcon.colcon_core.environment:checking '/home/baddeep/ros2_ws/install/marl/lib/pkgconfig/marl.pc'
[7.599s] Level 1:colcon.colcon_core.environment:checking '/home/baddeep/ros2_ws/install/marl/lib/python3.10/site-packages'
[7.600s] Level 1:colcon.colcon_core.shell:create_environment_hook('marl', 'pythonpath')
[7.600s] INFO:colcon.colcon_core.shell:Creating environment hook '/home/baddeep/ros2_ws/install/marl/share/marl/hook/pythonpath.ps1'
[7.603s] INFO:colcon.colcon_core.shell:Creating environment descriptor '/home/baddeep/ros2_ws/install/marl/share/marl/hook/pythonpath.dsv'
[7.606s] INFO:colcon.colcon_core.shell:Creating environment hook '/home/baddeep/ros2_ws/install/marl/share/marl/hook/pythonpath.sh'
[7.609s] Level 1:colcon.colcon_core.environment:checking '/home/baddeep/ros2_ws/install/marl/bin'
[7.611s] Level 1:colcon.colcon_core.environment:create_environment_scripts_only(marl)
[7.612s] INFO:colcon.colcon_core.shell:Creating package script '/home/baddeep/ros2_ws/install/marl/share/marl/package.ps1'
[7.616s] INFO:colcon.colcon_core.shell:Creating package descriptor '/home/baddeep/ros2_ws/install/marl/share/marl/package.dsv'
[7.619s] INFO:colcon.colcon_core.shell:Creating package script '/home/baddeep/ros2_ws/install/marl/share/marl/package.sh'
[7.622s] INFO:colcon.colcon_core.shell:Creating package script '/home/baddeep/ros2_ws/install/marl/share/marl/package.bash'
[7.626s] INFO:colcon.colcon_core.shell:Creating package script '/home/baddeep/ros2_ws/install/marl/share/marl/package.zsh'
[7.629s] Level 1:colcon.colcon_core.environment:create_file_with_runtime_dependencies(/home/baddeep/ros2_ws/install/marl/share/colcon-core/packages/marl)
[7.631s] DEBUG:colcon.colcon_parallel_executor.executor.parallel:closing loop
[7.632s] DEBUG:colcon.colcon_parallel_executor.executor.parallel:loop closed
[7.632s] DEBUG:colcon.colcon_parallel_executor.executor.parallel:run_until_complete finished with '0'
[7.632s] DEBUG:colcon.colcon_core.event_reactor:joining thread
[8.024s] INFO:colcon.colcon_core.plugin_system:Skipping extension 'colcon_notification.desktop_notification.notify_send': Could not find 'notify-send'
[8.025s] INFO:colcon.colcon_core.plugin_system:Skipping extension 'colcon_notification.desktop_notification.terminal_notifier': Not used on non-Darwin systems
[8.025s] INFO:colcon.colcon_core.plugin_system:Skipping extension 'colcon_notification.desktop_notification.win32': Not used on non-Windows systems
[8.025s] INFO:colcon.colcon_notification.desktop_notification:Sending desktop notification using 'notify2'
[8.035s] DEBUG:colcon.colcon_notification.desktop_notification.notify2:Failed to initialize notify2: org.freedesktop.DBus.Error.ServiceUnknown: The name org.freedesktop.Notifications was not provided by any .service files
[8.036s] DEBUG:colcon.colcon_core.event_reactor:joined thread
[8.037s] INFO:colcon.colcon_core.shell:Creating prefix script '/home/baddeep/ros2_ws/install/local_setup.ps1'
[8.044s] INFO:colcon.colcon_core.shell:Creating prefix util module '/home/baddeep/ros2_ws/install/_local_setup_util_ps1.py'
[8.050s] INFO:colcon.colcon_core.shell:Creating prefix chain script '/home/baddeep/ros2_ws/install/setup.ps1'
[8.058s] INFO:colcon.colcon_core.shell:Creating prefix script '/home/baddeep/ros2_ws/install/local_setup.sh'
[8.063s] INFO:colcon.colcon_core.shell:Creating prefix util module '/home/baddeep/ros2_ws/install/_local_setup_util_sh.py'
[8.067s] INFO:colcon.colcon_core.shell:Creating prefix chain script '/home/baddeep/ros2_ws/install/setup.sh'
[8.072s] INFO:colcon.colcon_core.shell:Creating prefix script '/home/baddeep/ros2_ws/install/local_setup.bash'
[8.076s] INFO:colcon.colcon_core.shell:Creating prefix chain script '/home/baddeep/ros2_ws/install/setup.bash'
[8.079s] INFO:colcon.colcon_core.shell:Creating prefix script '/home/baddeep/ros2_ws/install/local_setup.zsh'
[8.082s] INFO:colcon.colcon_core.shell:Creating prefix chain script '/home/baddeep/ros2_ws/install/setup.zsh'
