running egg_info
writing ../../build/marl/marl.egg-info/PKG-INFO
writing dependency_links to ../../build/marl/marl.egg-info/dependency_links.txt
writing entry points to ../../build/marl/marl.egg-info/entry_points.txt
writing requirements to ../../build/marl/marl.egg-info/requires.txt
writing top-level names to ../../build/marl/marl.egg-info/top_level.txt
reading manifest file '../../build/marl/marl.egg-info/SOURCES.txt'
writing manifest file '../../build/marl/marl.egg-info/SOURCES.txt'
running build
running build_py
copying marl/__init__.py -> /home/baddeep/ros2_ws/build/marl/build/lib/marl
running install
running install_lib
copying /home/baddeep/ros2_ws/build/marl/build/lib/marl/__init__.py -> /home/baddeep/ros2_ws/install/marl/lib/python3.10/site-packages/marl
byte-compiling /home/baddeep/ros2_ws/install/marl/lib/python3.10/site-packages/marl/__init__.py to __init__.cpython-310.pyc
running install_data
copying launch/world_robot_launch.py -> /home/baddeep/ros2_ws/install/marl/share/marl/launch
running install_egg_info
removing '/home/baddeep/ros2_ws/install/marl/lib/python3.10/site-packages/marl-0.0.1-py3.10.egg-info' (and everything under it)
Copying ../../build/marl/marl.egg-info to /home/baddeep/ros2_ws/install/marl/lib/python3.10/site-packages/marl-0.0.1-py3.10.egg-info
running install_scripts
Installing marl_agent script to /home/baddeep/ros2_ws/install/marl/lib/marl
Installing swarm_coordinator script to /home/baddeep/ros2_ws/install/marl/lib/marl
writing list of installed files to '/home/baddeep/ros2_ws/build/marl/install.log'
